<?xml version="1.0" encoding="UTF-8"?>
<!-- Generated by org.testng.reporters.JUnitXMLReporter -->
<testsuite ignored="0" hostname="LTIN217455" failures="0" tests="11" name="Default test" time="0.35" errors="0" timestamp="2024-02-27T16:38:51 IST">
  <testcase classname="testBase.BaseClass" name="@BeforeTest driverSetup" time="-1.709032131511E9">
    <failure type="org.testng.TestNGException" message="
Parameter &amp;apos;browser&amp;apos; is required by BeforeTest on method driverSetup but has not been marked @Optional or defined
in C:\Users\2303855\AppData\Local\Temp\1\testng-eclipse--956848977\testng-customsuite.xml">
      <![CDATA[org.testng.TestNGException: 
Parameter 'browser' is required by BeforeTest on method driverSetup but has not been marked @Optional or defined
in C:\Users\2303855\AppData\Local\Temp\1\testng-eclipse--956848977\testng-customsuite.xml
at org.testng.internal.Parameters.createParams(Parameters.java:267)
at org.testng.internal.Parameters.createParametersForMethod(Parameters.java:355)
at org.testng.internal.Parameters.createParameters(Parameters.java:684)
at org.testng.internal.Parameters.createConfigurationParameters(Parameters.java:166)
at org.testng.internal.invokers.ConfigInvoker.invokeConfigurations(ConfigInvoker.java:306)
at org.testng.TestRunner.invokeTestConfigurations(TestRunner.java:663)
at org.testng.TestRunner.beforeRun(TestRunner.java:652)
at org.testng.TestRunner.run(TestRunner.java:614)
at org.testng.SuiteRunner.runTest(SuiteRunner.java:443)
at org.testng.SuiteRunner.runSequentially(SuiteRunner.java:437)
at org.testng.SuiteRunner.privateRun(SuiteRunner.java:397)
at org.testng.SuiteRunner.run(SuiteRunner.java:336)
at org.testng.SuiteRunnerWorker.runSuite(SuiteRunnerWorker.java:52)
at org.testng.SuiteRunnerWorker.run(SuiteRunnerWorker.java:95)
at org.testng.TestNG.runSuitesSequentially(TestNG.java:1280)
at org.testng.TestNG.runSuitesLocally(TestNG.java:1200)
at org.testng.TestNG.runSuites(TestNG.java:1114)
at org.testng.TestNG.run(TestNG.java:1082)
at org.testng.remote.AbstractRemoteTestNG.run(AbstractRemoteTestNG.java:115)
at org.testng.remote.RemoteTestNG.initAndRun(RemoteTestNG.java:251)
at org.testng.remote.RemoteTestNG.main(RemoteTestNG.java:77)
]]>
    </failure>
  </testcase> <!-- @BeforeTest driverSetup -->
  <testcase classname="testBase.BaseClass" name="@AfterTest tearDown" time="0.0">
    <skipped/>
  </testcase> <!-- @AfterTest tearDown -->
  <testcase classname="testCases.TC001_carLoan" name="clickOnCarLoanBtn" time="0.0">
    <skipped/>
  </testcase> <!-- clickOnCarLoanBtn -->
  <testcase classname="testCases.TC001_carLoan" name="LoanAmount" time="0.0">
    <skipped/>
  </testcase> <!-- LoanAmount -->
  <testcase classname="testCases.TC001_carLoan" name="LoanInt" time="0.0">
    <skipped/>
  </testcase> <!-- LoanInt -->
  <testcase classname="testCases.TC001_carLoan" name="LoanTenure" time="0.0">
    <skipped/>
  </testcase> <!-- LoanTenure -->
  <testcase classname="testCases.TC001_carLoan" name="emiAdvance" time="0.0">
    <skipped/>
  </testcase> <!-- emiAdvance -->
  <testcase classname="testCases.TC001_carLoan" name="yearTableAdv" time="0.001">
    <skipped/>
  </testcase> <!-- yearTableAdv -->
  <testcase classname="testCases.TC001_carLoan" name="pri_int_adv" time="0.001">
    <skipped/>
  </testcase> <!-- pri_int_adv -->
  <testcase classname="testCases.TC001_carLoan" name="emiArrears" time="0.0">
    <skipped/>
  </testcase> <!-- emiArrears -->
  <testcase classname="testCases.TC001_carLoan" name="yearTableArr" time="0.0">
    <skipped/>
  </testcase> <!-- yearTableArr -->
  <testcase classname="testCases.TC001_carLoan" name="pri_int_arr" time="0.0">
    <skipped/>
  </testcase> <!-- pri_int_arr -->
  <testcase classname="testCases.TC001_carLoan" name="navToHomeLoanCalc" time="0.0">
    <skipped/>
  </testcase> <!-- navToHomeLoanCalc -->
</testsuite> <!-- Default test -->
