<?xml version="1.0" encoding="UTF-8"?>
<!-- Generated by org.testng.reporters.JUnitXMLReporter -->
<testsuite ignored="8" hostname="LTIN217455" failures="0" tests="50" name="ChromeTest" time="7.618" errors="0" timestamp="2024-03-04T17:51:19 IST">
  <testcase classname="testBase.BaseClass" name="@BeforeTest driverSetup" time="5.197">
    <failure type="org.openqa.selenium.SessionNotCreatedException" message="Could not start a new session. Possible causes are invalid address of the remote server or browser start-up failure. 
Host info: host: &amp;apos;LTIN217455&amp;apos;, ip: &amp;apos;192.168.219.44&amp;apos;
Build info: version: &amp;apos;4.17.0&amp;apos;, revision: &amp;apos;e52b1be057*&amp;apos;
System info: os.name: &amp;apos;Windows 11&amp;apos;, os.arch: &amp;apos;amd64&amp;apos;, os.version: &amp;apos;10.0&amp;apos;, java.version: &amp;apos;17.0.2&amp;apos;
Driver info: org.openqa.selenium.remote.RemoteWebDriver
Command: [null, newSession {capabilities=[Capabilities {browserName: chrome, platformName: Windows 11}]}]
Capabilities {browserName: chrome, platformName: Windows 11}">
      <![CDATA[org.openqa.selenium.SessionNotCreatedException: Could not start a new session. Possible causes are invalid address of the remote server or browser start-up failure. 
Host info: host: 'LTIN217455', ip: '192.168.219.44'
Build info: version: '4.17.0', revision: 'e52b1be057*'
System info: os.name: 'Windows 11', os.arch: 'amd64', os.version: '10.0', java.version: '17.0.2'
Driver info: org.openqa.selenium.remote.RemoteWebDriver
Command: [null, newSession {capabilities=[Capabilities {browserName: chrome, platformName: Windows 11}]}]
Capabilities {browserName: chrome, platformName: Windows 11}
at org.openqa.selenium.remote.RemoteWebDriver.execute(RemoteWebDriver.java:537)
at org.openqa.selenium.remote.RemoteWebDriver.startSession(RemoteWebDriver.java:233)
at org.openqa.selenium.remote.RemoteWebDriver.<init>(RemoteWebDriver.java:162)
at org.openqa.selenium.remote.RemoteWebDriver.<init>(RemoteWebDriver.java:142)
at testBase.BaseClass.driverSetup(BaseClass.java:69)
Caused by: java.io.UncheckedIOException: java.net.ConnectException
at org.openqa.selenium.remote.http.jdk.JdkHttpClient.execute0(JdkHttpClient.java:442)
at org.openqa.selenium.remote.http.AddSeleniumUserAgent.lambda$apply$0(AddSeleniumUserAgent.java:42)
at org.openqa.selenium.remote.http.Filter.lambda$andFinally$1(Filter.java:55)
at org.openqa.selenium.remote.http.jdk.JdkHttpClient.execute(JdkHttpClient.java:358)
at org.openqa.selenium.remote.tracing.TracedHttpClient.execute(TracedHttpClient.java:54)
at org.openqa.selenium.remote.ProtocolHandshake.createSession(ProtocolHandshake.java:114)
at org.openqa.selenium.remote.ProtocolHandshake.createSession(ProtocolHandshake.java:95)
at org.openqa.selenium.remote.ProtocolHandshake.createSession(ProtocolHandshake.java:67)
at org.openqa.selenium.remote.HttpCommandExecutor.execute(HttpCommandExecutor.java:162)
at org.openqa.selenium.remote.TracedCommandExecutor.execute(TracedCommandExecutor.java:51)
at org.openqa.selenium.remote.RemoteWebDriver.execute(RemoteWebDriver.java:519)
... 28 more
Caused by: java.net.ConnectException
at java.net.http/jdk.internal.net.http.common.Utils.toConnectException(Utils.java:1047)
at java.net.http/jdk.internal.net.http.PlainHttpConnection.connectAsync(PlainHttpConnection.java:198)
at java.net.http/jdk.internal.net.http.PlainHttpConnection.checkRetryConnect(PlainHttpConnection.java:230)
at java.net.http/jdk.internal.net.http.PlainHttpConnection.lambda$connectAsync$1(PlainHttpConnection.java:206)
at java.base/java.util.concurrent.CompletableFuture.uniHandle(CompletableFuture.java:934)
at java.base/java.util.concurrent.CompletableFuture$UniHandle.tryFire(CompletableFuture.java:911)
at java.base/java.util.concurrent.CompletableFuture.postComplete(CompletableFuture.java:510)
at java.base/java.util.concurrent.CompletableFuture$AsyncSupply.run(CompletableFuture.java:1773)
at java.base/java.util.concurrent.ThreadPoolExecutor.runWorker(ThreadPoolExecutor.java:1136)
at java.base/java.util.concurrent.ThreadPoolExecutor$Worker.run(ThreadPoolExecutor.java:635)
at java.base/java.lang.Thread.run(Thread.java:833)
Caused by: java.nio.channels.ClosedChannelException
at java.base/sun.nio.ch.SocketChannelImpl.ensureOpen(SocketChannelImpl.java:195)
at java.base/sun.nio.ch.SocketChannelImpl.beginConnect(SocketChannelImpl.java:760)
at java.base/sun.nio.ch.SocketChannelImpl.connect(SocketChannelImpl.java:848)
at java.net.http/jdk.internal.net.http.PlainHttpConnection.lambda$connectAsync$0(PlainHttpConnection.java:183)
at java.base/java.security.AccessController.doPrivileged(AccessController.java:569)
at java.net.http/jdk.internal.net.http.PlainHttpConnection.connectAsync(PlainHttpConnection.java:185)
... 9 more
... Removed 24 stack frames]]>
    </failure>
  </testcase> <!-- @BeforeTest driverSetup -->
  <testcase classname="testBase.BaseClass" name="@AfterTest tearDown" time="0.0">
    <skipped/>
  </testcase> <!-- @AfterTest tearDown -->
  <testcase classname="testCases.TC001_carLoan" name="clickOnCarLoanBtn" time="0.001">
    <skipped/>
  </testcase> <!-- clickOnCarLoanBtn -->
  <testcase classname="testCases.TC001_carLoan" name="LoanAmount" time="0.0">
    <skipped/>
  </testcase> <!-- LoanAmount -->
  <testcase classname="testCases.TC001_carLoan" name="LoanInt" time="0.0">
    <skipped/>
  </testcase> <!-- LoanInt -->
  <testcase classname="testCases.TC001_carLoan" name="LoanTenure" time="0.0">
    <skipped/>
  </testcase> <!-- LoanTenure -->
  <testcase classname="testCases.TC001_carLoan" name="emiAdvance" time="0.0">
    <skipped/>
  </testcase> <!-- emiAdvance -->
  <testcase classname="testCases.TC001_carLoan" name="yearTableAdv" time="0.0">
    <skipped/>
  </testcase> <!-- yearTableAdv -->
  <testcase classname="testCases.TC001_carLoan" name="pri_int_adv" time="0.0">
    <skipped/>
  </testcase> <!-- pri_int_adv -->
  <testcase classname="testCases.TC001_carLoan" name="emiArrears" time="0.0">
    <skipped/>
  </testcase> <!-- emiArrears -->
  <testcase classname="testCases.TC001_carLoan" name="yearTableArr" time="0.001">
    <skipped/>
  </testcase> <!-- yearTableArr -->
  <testcase classname="testCases.TC001_carLoan" name="pri_int_arr" time="0.0">
    <skipped/>
  </testcase> <!-- pri_int_arr -->
  <testcase classname="testCases.TC001_carLoan" name="navToHomeLoanCalc" time="0.001">
    <skipped/>
  </testcase> <!-- navToHomeLoanCalc -->
  <testcase classname="testCases.TC002_homeLoan" name="HomeLoanTable" time="0.0">
    <skipped/>
  </testcase> <!-- HomeLoanTable -->
  <testcase classname="testCases.TC002_homeLoan" name="NavigateToLoanCalculators" time="0.0">
    <skipped/>
  </testcase> <!-- NavigateToLoanCalculators -->
  <testcase classname="testCases.TC003_EMICalc" name="clickOnLoanCalBtn" time="0.001">
    <skipped/>
  </testcase> <!-- clickOnLoanCalBtn -->
  <testcase classname="testCases.TC003_EMICalc" name="validateAmountSlider" time="0.0">
    <skipped/>
  </testcase> <!-- validateAmountSlider -->
  <testcase classname="testCases.TC003_EMICalc" name="validateAmountUnit" time="0.0">
    <skipped/>
  </testcase> <!-- validateAmountUnit -->
  <testcase classname="testCases.TC003_EMICalc" name="validateAmountscale" time="0.0">
    <skipped/>
  </testcase> <!-- validateAmountscale -->
  <testcase classname="testCases.TC003_EMICalc" name="validateInterestSlider" time="0.0">
    <skipped/>
  </testcase> <!-- validateInterestSlider -->
  <testcase classname="testCases.TC003_EMICalc" name="validateInterestUnit" time="0.0">
    <skipped/>
  </testcase> <!-- validateInterestUnit -->
  <testcase classname="testCases.TC003_EMICalc" name="validateInterestscale" time="0.001">
    <skipped/>
  </testcase> <!-- validateInterestscale -->
  <testcase classname="testCases.TC003_EMICalc" name="validateTenureSlider" time="0.001">
    <skipped/>
  </testcase> <!-- validateTenureSlider -->
  <testcase classname="testCases.TC003_EMICalc" name="validateTenurescale" time="0.0">
    <skipped/>
  </testcase> <!-- validateTenurescale -->
  <testcase classname="testCases.TC003_EMICalc" name="validatefncSlider" time="0.0">
    <skipped/>
  </testcase> <!-- validatefncSlider -->
  <testcase classname="testCases.TC003_EMICalc" name="validatefncUnit" time="0.001">
    <skipped/>
  </testcase> <!-- validatefncUnit -->
  <testcase classname="testCases.TC003_EMICalc" name="validatefncscale" time="0.0">
    <skipped/>
  </testcase> <!-- validatefncscale -->
  <testcase classname="testCases.TC003_EMICalc" name="clickOnLoanAmtCalcBtn" time="0.0">
    <skipped/>
  </testcase> <!-- clickOnLoanAmtCalcBtn -->
  <testcase classname="testCases.TC004_LoanAmountCalc" name="validateEMISlider" time="0.0">
    <skipped/>
  </testcase> <!-- validateEMISlider -->
  <testcase classname="testCases.TC004_LoanAmountCalc" name="validateEMIUnit" time="0.0">
    <skipped/>
  </testcase> <!-- validateEMIUnit -->
  <testcase classname="testCases.TC004_LoanAmountCalc" name="validateEMIscale" time="0.0">
    <skipped/>
  </testcase> <!-- validateEMIscale -->
  <testcase classname="testCases.TC004_LoanAmountCalc" name="validateInterestSlider" time="0.0">
    <skipped/>
  </testcase> <!-- validateInterestSlider -->
  <testcase classname="testCases.TC004_LoanAmountCalc" name="validateInterestUnit" time="0.0">
    <skipped/>
  </testcase> <!-- validateInterestUnit -->
  <testcase classname="testCases.TC004_LoanAmountCalc" name="validateInterestscale" time="0.0">
    <skipped/>
  </testcase> <!-- validateInterestscale -->
  <testcase classname="testCases.TC004_LoanAmountCalc" name="validateTenureSlider" time="0.0">
    <skipped/>
  </testcase> <!-- validateTenureSlider -->
  <testcase classname="testCases.TC004_LoanAmountCalc" name="validateTenurescale" time="0.0">
    <skipped/>
  </testcase> <!-- validateTenurescale -->
  <testcase classname="testCases.TC004_LoanAmountCalc" name="validatefncSlider" time="0.0">
    <skipped/>
  </testcase> <!-- validatefncSlider -->
  <testcase classname="testCases.TC004_LoanAmountCalc" name="validatefncUnit" time="0.0">
    <skipped/>
  </testcase> <!-- validatefncUnit -->
  <testcase classname="testCases.TC004_LoanAmountCalc" name="validatefncscale" time="0.0">
    <skipped/>
  </testcase> <!-- validatefncscale -->
  <testcase classname="testCases.TC004_LoanAmountCalc" name="clickOnloanTenureCalcBtn" time="0.0">
    <skipped/>
  </testcase> <!-- clickOnloanTenureCalcBtn -->
  <testcase classname="testCases.TC005_LoanTenureCalc" name="validateAmountSlider" time="0.0">
    <skipped/>
  </testcase> <!-- validateAmountSlider -->
  <testcase classname="testCases.TC005_LoanTenureCalc" name="validateAmountUnit" time="0.0">
    <skipped/>
  </testcase> <!-- validateAmountUnit -->
  <testcase classname="testCases.TC005_LoanTenureCalc" name="validateAmountscale" time="0.0">
    <skipped/>
  </testcase> <!-- validateAmountscale -->
  <testcase classname="testCases.TC005_LoanTenureCalc" name="validateEMIUnit" time="0.0">
    <skipped/>
  </testcase> <!-- validateEMIUnit -->
  <testcase classname="testCases.TC005_LoanTenureCalc" name="validateEMIscale" time="0.0">
    <skipped/>
  </testcase> <!-- validateEMIscale -->
  <testcase classname="testCases.TC005_LoanTenureCalc" name="validateInterestSlider" time="0.0">
    <skipped/>
  </testcase> <!-- validateInterestSlider -->
  <testcase classname="testCases.TC005_LoanTenureCalc" name="validateInterestUnit" time="0.001">
    <skipped/>
  </testcase> <!-- validateInterestUnit -->
  <testcase classname="testCases.TC005_LoanTenureCalc" name="validateInterestscale" time="0.0">
    <skipped/>
  </testcase> <!-- validateInterestscale -->
  <testcase classname="testCases.TC005_LoanTenureCalc" name="validatefncSlider" time="0.0">
    <skipped/>
  </testcase> <!-- validatefncSlider -->
  <testcase classname="testCases.TC005_LoanTenureCalc" name="validateEMISlider" time="0.0">
    <skipped/>
  </testcase> <!-- validateEMISlider -->
  <testcase classname="testCases.TC005_LoanTenureCalc" name="validatefncUnit" time="0.0">
    <skipped/>
  </testcase> <!-- validatefncUnit -->
  <testcase classname="testCases.TC005_LoanTenureCalc" name="validatefncscale" time="0.0">
    <skipped/>
  </testcase> <!-- validatefncscale -->
  <testcase classname="testBase.BaseClass" name="@BeforeTest driverSetup" time="0.0">
    <ignored/>
  </testcase> <!-- @BeforeTest driverSetup -->
  <testcase classname="testBase.BaseClass" name="@BeforeTest driverSetup" time="0.0">
    <ignored/>
  </testcase> <!-- @BeforeTest driverSetup -->
  <testcase classname="testBase.BaseClass" name="@BeforeTest driverSetup" time="0.0">
    <ignored/>
  </testcase> <!-- @BeforeTest driverSetup -->
  <testcase classname="testBase.BaseClass" name="@AfterTest tearDown" time="0.0">
    <ignored/>
  </testcase> <!-- @AfterTest tearDown -->
  <testcase classname="testBase.BaseClass" name="@BeforeTest driverSetup" time="0.0">
    <ignored/>
  </testcase> <!-- @BeforeTest driverSetup -->
  <testcase classname="testBase.BaseClass" name="@AfterTest tearDown" time="0.0">
    <ignored/>
  </testcase> <!-- @AfterTest tearDown -->
  <testcase classname="testBase.BaseClass" name="@AfterTest tearDown" time="0.0">
    <ignored/>
  </testcase> <!-- @AfterTest tearDown -->
  <testcase classname="testBase.BaseClass" name="@AfterTest tearDown" time="0.0">
    <ignored/>
  </testcase> <!-- @AfterTest tearDown -->
</testsuite> <!-- ChromeTest -->
